Command: ninja all
[1/9] Performing build step for 'bootloader'
[1/1] C:\Windows\system32\cmd.exe /C "cd /D C:\Users\Mahender\UART\build\bootloader\esp-idf\esptool_py && C:\Espressif\python_env\idf5.5_py3.11_env\Scripts\python.exe C:/Espressif/frameworks/esp-idf-v5.5/components/partition_table/check_sizes.py --offset 0x8000 bootloader 0x1000 C:/Users/Mahender/UART/build/bootloader/bootloader.bin"
Bootloader binary size 0x6680 bytes. 0x980 bytes (8%) free.
[2/9] No install step for 'bootloader'
[3/9] Completed 'bootloader'
[4/9] Building C object esp-idf/main/CMakeFiles/__idf_main.dir/uart_async_rxtxtasks_main.c.obj
FAILED: esp-idf/main/CMakeFiles/__idf_main.dir/uart_async_rxtxtasks_main.c.obj 
ccache C:\Espressif\tools\xtensa-esp-elf\esp-14.2.0_20250730\xtensa-esp-elf\bin\xtensa-esp32-elf-gcc.exe -DESP_PLATFORM -DIDF_VER=\"v5.5.1-255-g07e9bf4970\" -DSOC_MMU_PAGE_SIZE=CONFIG_MMU_PAGE_SIZE -DSOC_XTAL_FREQ_MHZ=CONFIG_XTAL_FREQ -D_GLIBCXX_HAVE_POSIX_SEMAPHORE -D_GLIBCXX_USE_POSIX_SEMAPHORE -D_GNU_SOURCE -D_POSIX_READER_WRITER_LOCKS -IC:/Users/Mahender/UART/build/config -IC:/Users/Mahender/UART/main -IC:/Espressif/frameworks/esp-idf-v5.5/components/newlib/platform_include -IC:/Espressif/frameworks/esp-idf-v5.5/components/freertos/config/include -IC:/Espressif/frameworks/esp-idf-v5.5/components/freertos/config/include/freertos -IC:/Espressif/frameworks/esp-idf-v5.5/components/freertos/config/xtensa/include -IC:/Espressif/frameworks/esp-idf-v5.5/components/freertos/FreeRTOS-Kernel/include -IC:/Espressif/frameworks/esp-idf-v5.5/components/freertos/FreeRTOS-Kernel/portable/xtensa/include -IC:/Espressif/frameworks/esp-idf-v5.5/components/freertos/FreeRTOS-Kernel/portable/xtensa/include/freertos -IC:/Espressif/frameworks/esp-idf-v5.5/components/freertos/esp_additions/include -IC:/Espressif/frameworks/esp-idf-v5.5/components/esp_hw_support/include -IC:/Espressif/frameworks/esp-idf-v5.5/components/esp_hw_support/include/soc -IC:/Espressif/frameworks/esp-idf-v5.5/components/esp_hw_support/include/soc/esp32 -IC:/Espressif/frameworks/esp-idf-v5.5/components/esp_hw_support/dma/include -IC:/Espressif/frameworks/esp-idf-v5.5/components/esp_hw_support/ldo/include -IC:/Espressif/frameworks/esp-idf-v5.5/components/esp_hw_support/debug_probe/include -IC:/Espressif/frameworks/esp-idf-v5.5/components/esp_hw_support/mspi_timing_tuning/include -IC:/Espressif/frameworks/esp-idf-v5.5/components/esp_hw_support/mspi_timing_tuning/tuning_scheme_impl/include -IC:/Espressif/frameworks/esp-idf-v5.5/components/esp_hw_support/power_supply/include -IC:/Espressif/frameworks/esp-idf-v5.5/components/esp_hw_support/port/esp32/. -IC:/Espressif/frameworks/esp-idf-v5.5/components/esp_hw_support/port/esp32/include -IC:/Espressif/frameworks/esp-idf-v5.5/components/heap/include -IC:/Espressif/frameworks/esp-idf-v5.5/components/heap/tlsf -IC:/Espressif/frameworks/esp-idf-v5.5/components/log/include -IC:/Espressif/frameworks/esp-idf-v5.5/components/soc/include -IC:/Espressif/frameworks/esp-idf-v5.5/components/soc/esp32 -IC:/Espressif/frameworks/esp-idf-v5.5/components/soc/esp32/include -IC:/Espressif/frameworks/esp-idf-v5.5/components/soc/esp32/register -IC:/Espressif/frameworks/esp-idf-v5.5/components/hal/platform_port/include -IC:/Espressif/frameworks/esp-idf-v5.5/components/hal/esp32/include -IC:/Espressif/frameworks/esp-idf-v5.5/components/hal/include -IC:/Espressif/frameworks/esp-idf-v5.5/components/esp_rom/include -IC:/Espressif/frameworks/esp-idf-v5.5/components/esp_rom/esp32/include -IC:/Espressif/frameworks/esp-idf-v5.5/components/esp_rom/esp32/include/esp32 -IC:/Espressif/frameworks/esp-idf-v5.5/components/esp_rom/esp32 -IC:/Espressif/frameworks/esp-idf-v5.5/components/esp_common/include -IC:/Espressif/frameworks/esp-idf-v5.5/components/esp_system/include -IC:/Espressif/frameworks/esp-idf-v5.5/components/esp_system/port/soc -IC:/Espressif/frameworks/esp-idf-v5.5/components/esp_system/port/include/private -IC:/Espressif/frameworks/esp-idf-v5.5/components/xtensa/esp32/include -IC:/Espressif/frameworks/esp-idf-v5.5/components/xtensa/include -IC:/Espressif/frameworks/esp-idf-v5.5/components/xtensa/deprecated_include -IC:/Espressif/frameworks/esp-idf-v5.5/components/esp_driver_uart/include -IC:/Espressif/frameworks/esp-idf-v5.5/components/esp_driver_gpio/include -mlongcalls -Wno-frame-address  -fno-builtin-memcpy -fno-builtin-memset -fno-builtin-bzero -fno-builtin-stpcpy -fno-builtin-strncpy -fdiagnostics-color=always -ffunction-sections -fdata-sections -Wall -Werror=all -Wno-error=unused-function -Wno-error=unused-variable -Wno-error=unused-but-set-variable -Wno-error=deprecated-declarations -Wextra -Wno-error=extra -Wno-unused-parameter -Wno-sign-compare -Wno-enum-conversion -gdwarf-4 -ggdb -Og -fno-shrink-wrap -fmacro-prefix-map=C:/Users/Mahender/UART=. -fmacro-prefix-map=C:/Espressif/frameworks/esp-idf-v5.5=/IDF -fstrict-volatile-bitfields -fno-jump-tables -fno-tree-switch-conversion -std=gnu17 -Wno-old-style-declaration -MD -MT esp-idf/main/CMakeFiles/__idf_main.dir/uart_async_rxtxtasks_main.c.obj -MF esp-idf\main\CMakeFiles\__idf_main.dir\uart_async_rxtxtasks_main.c.obj.d -o esp-idf/main/CMakeFiles/__idf_main.dir/uart_async_rxtxtasks_main.c.obj -c C:/Users/Mahender/UART/main/uart_async_rxtxtasks_main.c
C:/Users/Mahender/UART/main/uart_async_rxtxtasks_main.c: In function 'init':
C:/Users/Mahender/UART/main/uart_async_rxtxtasks_main.c:36:40: error: 'RX_BUF_SIZE' undeclared (first use in this function)
   36 |     uart_driver_install(UART_PORT_NUM, RX_BUF_SIZE * 2, 0, 0, NULL, 0);
      |                                        ^~~~~~~~~~~
C:/Users/Mahender/UART/main/uart_async_rxtxtasks_main.c:36:40: note: each undeclared identifier is reported only once for each function it appears in
C:/Users/Mahender/UART/main/uart_async_rxtxtasks_main.c: In function 'rx_task':
C:/Users/Mahender/UART/main/uart_async_rxtxtasks_main.c:65:39: error: 'RX_BUF_SIZE' undeclared (first use in this function)
   65 |     uint8_t* data = (uint8_t*) malloc(RX_BUF_SIZE + 1);
      |                                       ^~~~~~~~~~~
C:/Users/Mahender/UART/main/uart_async_rxtxtasks_main.c:77:5: error: 'else' without a previous 'if'
   77 |     else {
      |     ^~~~
ninja: build stopped: subcommand failed.
